INFO [2022-01-27 12:06:57] $x
INFO [2022-01-27 12:06:57] list(Ubiquitous = na.omit(rownames(pam_clust_df)), ISC = na.omit(rownames(isc_pam_clust_df)))
INFO [2022-01-27 12:06:57] 
INFO [2022-01-27 12:06:57] $fill
INFO [2022-01-27 12:06:57] c("#ffc93c", "#f8a488")
INFO [2022-01-27 12:06:57] 
INFO [2022-01-27 12:06:57] $margin
INFO [2022-01-27 12:06:57] [1] 0.08
INFO [2022-01-27 12:06:57] 
INFO [2022-01-27 12:06:57] $cat.pos
INFO [2022-01-27 12:06:57] c(90, 270)
INFO [2022-01-27 12:06:57] 
INFO [2022-01-27 12:06:57] $cat.dist
INFO [2022-01-27 12:06:57] c(0.03, 0.05)
INFO [2022-01-27 12:06:57] 
INFO [2022-01-27 12:06:57] $alpha
INFO [2022-01-27 12:06:57] c(0.7, 0.7)
INFO [2022-01-27 12:06:57] 
INFO [2022-01-27 12:06:57] $imagetype
INFO [2022-01-27 12:06:57] [1] "png"
INFO [2022-01-27 12:06:57] 
INFO [2022-01-27 12:06:57] $print.mode
INFO [2022-01-27 12:06:57] [1] "raw"
INFO [2022-01-27 12:06:57] 
INFO [2022-01-27 12:06:57] $filename
INFO [2022-01-27 12:06:57] [1] "output/comparison/overlaps.png"
INFO [2022-01-27 12:06:57] 
