INFO [2022-01-20 16:06:56] $x
INFO [2022-01-20 16:06:56] list(Ubiquitous = na.omit(rownames(pam_clust_df)), iPSC = na.omit(rownames(ipsc_pam_clust)))
INFO [2022-01-20 16:06:56] 
INFO [2022-01-20 16:06:56] $fill
INFO [2022-01-20 16:06:56] c("#ffc93c", "#f8a488")
INFO [2022-01-20 16:06:56] 
INFO [2022-01-20 16:06:56] $margin
INFO [2022-01-20 16:06:56] [1] 0.08
INFO [2022-01-20 16:06:56] 
INFO [2022-01-20 16:06:56] $cat.pos
INFO [2022-01-20 16:06:56] c(90, 270)
INFO [2022-01-20 16:06:56] 
INFO [2022-01-20 16:06:56] $cat.dist
INFO [2022-01-20 16:06:56] c(0.03, 0.05)
INFO [2022-01-20 16:06:56] 
INFO [2022-01-20 16:06:56] $alpha
INFO [2022-01-20 16:06:56] c(0.7, 0.7)
INFO [2022-01-20 16:06:56] 
INFO [2022-01-20 16:06:56] $imagetype
INFO [2022-01-20 16:06:56] [1] "png"
INFO [2022-01-20 16:06:56] 
INFO [2022-01-20 16:06:56] $print.mode
INFO [2022-01-20 16:06:56] [1] "raw"
INFO [2022-01-20 16:06:56] 
INFO [2022-01-20 16:06:56] $filename
INFO [2022-01-20 16:06:56] [1] "output/comparison/overlaps.png"
INFO [2022-01-20 16:06:56] 
