INFO [2022-01-20 17:05:19] $x
INFO [2022-01-20 17:05:19] list(Ubiquitous = na.omit(rownames(pam_clust_df)), iPSC = na.omit(rownames(ipsc_pam_clust)))
INFO [2022-01-20 17:05:19] 
INFO [2022-01-20 17:05:19] $fill
INFO [2022-01-20 17:05:19] c("#ffc93c", "#f8a488")
INFO [2022-01-20 17:05:19] 
INFO [2022-01-20 17:05:19] $margin
INFO [2022-01-20 17:05:19] [1] 0.08
INFO [2022-01-20 17:05:19] 
INFO [2022-01-20 17:05:19] $cat.pos
INFO [2022-01-20 17:05:19] c(90, 270)
INFO [2022-01-20 17:05:19] 
INFO [2022-01-20 17:05:19] $cat.dist
INFO [2022-01-20 17:05:19] c(0.03, 0.05)
INFO [2022-01-20 17:05:19] 
INFO [2022-01-20 17:05:19] $alpha
INFO [2022-01-20 17:05:19] c(0.7, 0.7)
INFO [2022-01-20 17:05:19] 
INFO [2022-01-20 17:05:19] $imagetype
INFO [2022-01-20 17:05:19] [1] "png"
INFO [2022-01-20 17:05:19] 
INFO [2022-01-20 17:05:19] $print.mode
INFO [2022-01-20 17:05:19] [1] "raw"
INFO [2022-01-20 17:05:19] 
INFO [2022-01-20 17:05:19] $filename
INFO [2022-01-20 17:05:19] [1] "output/comparison/overlaps.png"
INFO [2022-01-20 17:05:19] 
