INFO [2022-01-20 15:13:28] $x
INFO [2022-01-20 15:13:28] list(Ubiquitous = na.omit(rownames(pam_clust_df)), iPSC = na.omit(rownames(ipsc_pam_clust)))
INFO [2022-01-20 15:13:28] 
INFO [2022-01-20 15:13:28] $fill
INFO [2022-01-20 15:13:28] c("#ffc93c", "#f8a488")
INFO [2022-01-20 15:13:28] 
INFO [2022-01-20 15:13:28] $margin
INFO [2022-01-20 15:13:28] [1] 0.08
INFO [2022-01-20 15:13:28] 
INFO [2022-01-20 15:13:28] $cat.pos
INFO [2022-01-20 15:13:28] c(90, 270)
INFO [2022-01-20 15:13:28] 
INFO [2022-01-20 15:13:28] $cat.dist
INFO [2022-01-20 15:13:28] c(1, 2)
INFO [2022-01-20 15:13:28] 
INFO [2022-01-20 15:13:28] $alpha
INFO [2022-01-20 15:13:28] c(0.7, 0.7)
INFO [2022-01-20 15:13:28] 
INFO [2022-01-20 15:13:28] $imagetype
INFO [2022-01-20 15:13:28] [1] "png"
INFO [2022-01-20 15:13:28] 
INFO [2022-01-20 15:13:28] $print.mode
INFO [2022-01-20 15:13:28] [1] "percent"
INFO [2022-01-20 15:13:28] 
INFO [2022-01-20 15:13:28] $filename
INFO [2022-01-20 15:13:28] [1] "output/comparison/overlaps.png"
INFO [2022-01-20 15:13:28] 
