INFO [2022-02-23 13:05:12] $x
INFO [2022-02-23 13:05:12] list(Ubiquitous = na.omit(rownames(ubi_pam_clust_df)), ISC = na.omit(rownames(isc_pam_clust_df)))
INFO [2022-02-23 13:05:12] 
INFO [2022-02-23 13:05:12] $fill
INFO [2022-02-23 13:05:12] c("#ffc93c", "#f8a488")
INFO [2022-02-23 13:05:12] 
INFO [2022-02-23 13:05:12] $margin
INFO [2022-02-23 13:05:12] [1] 0.08
INFO [2022-02-23 13:05:12] 
INFO [2022-02-23 13:05:12] $cat.pos
INFO [2022-02-23 13:05:12] c(180, 180)
INFO [2022-02-23 13:05:12] 
INFO [2022-02-23 13:05:12] $cat.dist
INFO [2022-02-23 13:05:12] c(0.03, 0.05)
INFO [2022-02-23 13:05:12] 
INFO [2022-02-23 13:05:12] $alpha
INFO [2022-02-23 13:05:12] c(0.7, 0.7)
INFO [2022-02-23 13:05:12] 
INFO [2022-02-23 13:05:12] $imagetype
INFO [2022-02-23 13:05:12] [1] "png"
INFO [2022-02-23 13:05:12] 
INFO [2022-02-23 13:05:12] $print.mode
INFO [2022-02-23 13:05:12] [1] "raw"
INFO [2022-02-23 13:05:12] 
INFO [2022-02-23 13:05:12] $filename
INFO [2022-02-23 13:05:12] [1] "output/comparison/overlaps.png"
INFO [2022-02-23 13:05:12] 
