INFO [2022-01-20 15:11:33] $x
INFO [2022-01-20 15:11:33] list(Ubiquitous = na.omit(rownames(pam_clust_df)), iPSC = na.omit(rownames(ipsc_pam_clust)))
INFO [2022-01-20 15:11:33] 
INFO [2022-01-20 15:11:33] $fill
INFO [2022-01-20 15:11:33] c("#ffc93c", "#f8a488")
INFO [2022-01-20 15:11:33] 
INFO [2022-01-20 15:11:33] $margin
INFO [2022-01-20 15:11:33] [1] 0.08
INFO [2022-01-20 15:11:33] 
INFO [2022-01-20 15:11:33] $cat.pos
INFO [2022-01-20 15:11:33] c(0, 0)
INFO [2022-01-20 15:11:33] 
INFO [2022-01-20 15:11:33] $alpha
INFO [2022-01-20 15:11:33] c(0.7, 0.7)
INFO [2022-01-20 15:11:33] 
INFO [2022-01-20 15:11:33] $imagetype
INFO [2022-01-20 15:11:33] [1] "png"
INFO [2022-01-20 15:11:33] 
INFO [2022-01-20 15:11:33] $print.mode
INFO [2022-01-20 15:11:33] [1] "percent"
INFO [2022-01-20 15:11:33] 
INFO [2022-01-20 15:11:33] $filename
INFO [2022-01-20 15:11:33] [1] "output/comparison/overlaps.png"
INFO [2022-01-20 15:11:33] 
