INFO [2022-01-27 10:51:29] $x
INFO [2022-01-27 10:51:29] list(Ubiquitous = na.omit(rownames(pam_clust_df)), ISC = na.omit(rownames(isc_pam_clust)))
INFO [2022-01-27 10:51:29] 
INFO [2022-01-27 10:51:29] $fill
INFO [2022-01-27 10:51:29] c("#ffc93c", "#f8a488")
INFO [2022-01-27 10:51:29] 
INFO [2022-01-27 10:51:29] $margin
INFO [2022-01-27 10:51:29] [1] 0.08
INFO [2022-01-27 10:51:29] 
INFO [2022-01-27 10:51:29] $cat.pos
INFO [2022-01-27 10:51:29] c(90, 270)
INFO [2022-01-27 10:51:29] 
INFO [2022-01-27 10:51:29] $cat.dist
INFO [2022-01-27 10:51:29] c(0.03, 0.05)
INFO [2022-01-27 10:51:29] 
INFO [2022-01-27 10:51:29] $alpha
INFO [2022-01-27 10:51:29] c(0.7, 0.7)
INFO [2022-01-27 10:51:29] 
INFO [2022-01-27 10:51:29] $imagetype
INFO [2022-01-27 10:51:29] [1] "png"
INFO [2022-01-27 10:51:29] 
INFO [2022-01-27 10:51:29] $print.mode
INFO [2022-01-27 10:51:29] [1] "raw"
INFO [2022-01-27 10:51:29] 
INFO [2022-01-27 10:51:29] $filename
INFO [2022-01-27 10:51:29] [1] "output/comparison/overlaps.png"
INFO [2022-01-27 10:51:29] 
