INFO [2022-01-27 10:54:18] $x
INFO [2022-01-27 10:54:18] list(Ubiquitous = na.omit(rownames(pam_clust_df)), ISC = na.omit(rownames(isc_pam_clust)))
INFO [2022-01-27 10:54:18] 
INFO [2022-01-27 10:54:18] $fill
INFO [2022-01-27 10:54:18] c("#ffc93c", "#f8a488")
INFO [2022-01-27 10:54:18] 
INFO [2022-01-27 10:54:18] $margin
INFO [2022-01-27 10:54:18] [1] 0.08
INFO [2022-01-27 10:54:18] 
INFO [2022-01-27 10:54:18] $cat.pos
INFO [2022-01-27 10:54:18] c(90, 270)
INFO [2022-01-27 10:54:18] 
INFO [2022-01-27 10:54:18] $cat.dist
INFO [2022-01-27 10:54:18] c(0.03, 0.05)
INFO [2022-01-27 10:54:18] 
INFO [2022-01-27 10:54:18] $alpha
INFO [2022-01-27 10:54:18] c(0.7, 0.7)
INFO [2022-01-27 10:54:18] 
INFO [2022-01-27 10:54:18] $imagetype
INFO [2022-01-27 10:54:18] [1] "png"
INFO [2022-01-27 10:54:18] 
INFO [2022-01-27 10:54:18] $print.mode
INFO [2022-01-27 10:54:18] [1] "raw"
INFO [2022-01-27 10:54:18] 
INFO [2022-01-27 10:54:18] $filename
INFO [2022-01-27 10:54:18] [1] "output/comparison/overlaps.png"
INFO [2022-01-27 10:54:18] 
