INFO [2022-01-20 15:10:07] $x
INFO [2022-01-20 15:10:07] list(Ubiquitous = na.omit(rownames(pam_clust_df)), iPSC = na.omit(rownames(ipsc_pam_clust)))
INFO [2022-01-20 15:10:07] 
INFO [2022-01-20 15:10:07] $fill
INFO [2022-01-20 15:10:07] c("#ffc93c", "#f8a488")
INFO [2022-01-20 15:10:07] 
INFO [2022-01-20 15:10:07] $margin
INFO [2022-01-20 15:10:07] [1] 0.08
INFO [2022-01-20 15:10:07] 
INFO [2022-01-20 15:10:07] $alpha
INFO [2022-01-20 15:10:07] c(0.7, 0.7)
INFO [2022-01-20 15:10:07] 
INFO [2022-01-20 15:10:07] $imagetype
INFO [2022-01-20 15:10:07] [1] "png"
INFO [2022-01-20 15:10:07] 
INFO [2022-01-20 15:10:07] $print.mode
INFO [2022-01-20 15:10:07] [1] "percent"
INFO [2022-01-20 15:10:07] 
INFO [2022-01-20 15:10:07] $filename
INFO [2022-01-20 15:10:07] [1] "output/comparison/overlaps.png"
INFO [2022-01-20 15:10:07] 
