INFO [2022-01-20 15:14:39] $x
INFO [2022-01-20 15:14:39] list(Ubiquitous = na.omit(rownames(pam_clust_df)), iPSC = na.omit(rownames(ipsc_pam_clust)))
INFO [2022-01-20 15:14:39] 
INFO [2022-01-20 15:14:39] $fill
INFO [2022-01-20 15:14:39] c("#ffc93c", "#f8a488")
INFO [2022-01-20 15:14:39] 
INFO [2022-01-20 15:14:39] $margin
INFO [2022-01-20 15:14:39] [1] 0.08
INFO [2022-01-20 15:14:39] 
INFO [2022-01-20 15:14:39] $cat.pos
INFO [2022-01-20 15:14:39] c(90, 270)
INFO [2022-01-20 15:14:39] 
INFO [2022-01-20 15:14:39] $cat.dist
INFO [2022-01-20 15:14:39] c(0.03, 0.05)
INFO [2022-01-20 15:14:39] 
INFO [2022-01-20 15:14:39] $alpha
INFO [2022-01-20 15:14:39] c(0.7, 0.7)
INFO [2022-01-20 15:14:39] 
INFO [2022-01-20 15:14:39] $imagetype
INFO [2022-01-20 15:14:39] [1] "png"
INFO [2022-01-20 15:14:39] 
INFO [2022-01-20 15:14:39] $print.mode
INFO [2022-01-20 15:14:39] [1] "percent"
INFO [2022-01-20 15:14:39] 
INFO [2022-01-20 15:14:39] $filename
INFO [2022-01-20 15:14:39] [1] "output/comparison/overlaps.png"
INFO [2022-01-20 15:14:39] 
