INFO [2022-01-26 12:16:23] $x
INFO [2022-01-26 12:16:23] list(Ubiquitous = na.omit(rownames(pam_clust_df)), iPSC = na.omit(rownames(ipsc_pam_clust)))
INFO [2022-01-26 12:16:23] 
INFO [2022-01-26 12:16:23] $fill
INFO [2022-01-26 12:16:23] c("#ffc93c", "#f8a488")
INFO [2022-01-26 12:16:23] 
INFO [2022-01-26 12:16:23] $margin
INFO [2022-01-26 12:16:23] [1] 0.08
INFO [2022-01-26 12:16:23] 
INFO [2022-01-26 12:16:23] $cat.pos
INFO [2022-01-26 12:16:23] c(90, 270)
INFO [2022-01-26 12:16:23] 
INFO [2022-01-26 12:16:23] $cat.dist
INFO [2022-01-26 12:16:23] c(0.03, 0.05)
INFO [2022-01-26 12:16:23] 
INFO [2022-01-26 12:16:23] $alpha
INFO [2022-01-26 12:16:23] c(0.7, 0.7)
INFO [2022-01-26 12:16:23] 
INFO [2022-01-26 12:16:23] $imagetype
INFO [2022-01-26 12:16:23] [1] "png"
INFO [2022-01-26 12:16:23] 
INFO [2022-01-26 12:16:23] $print.mode
INFO [2022-01-26 12:16:23] [1] "raw"
INFO [2022-01-26 12:16:23] 
INFO [2022-01-26 12:16:23] $filename
INFO [2022-01-26 12:16:23] [1] "output/comparison/overlaps.png"
INFO [2022-01-26 12:16:23] 
