INFO [2022-02-23 13:11:27] $x
INFO [2022-02-23 13:11:27] list(Ubiquitous = na.omit(rownames(ubi_pam_clust_df)), ISC = na.omit(rownames(isc_pam_clust_df)))
INFO [2022-02-23 13:11:27] 
INFO [2022-02-23 13:11:27] $fill
INFO [2022-02-23 13:11:27] c("#ffc93c", "#f8a488")
INFO [2022-02-23 13:11:27] 
INFO [2022-02-23 13:11:27] $margin
INFO [2022-02-23 13:11:27] [1] 0.08
INFO [2022-02-23 13:11:27] 
INFO [2022-02-23 13:11:27] $cat.pos
INFO [2022-02-23 13:11:27] c(180, 180)
INFO [2022-02-23 13:11:27] 
INFO [2022-02-23 13:11:27] $cat.dist
INFO [2022-02-23 13:11:27] c(0.03, 0.05)
INFO [2022-02-23 13:11:27] 
INFO [2022-02-23 13:11:27] $alpha
INFO [2022-02-23 13:11:27] c(0.7, 0.7)
INFO [2022-02-23 13:11:27] 
INFO [2022-02-23 13:11:27] $imagetype
INFO [2022-02-23 13:11:27] [1] "png"
INFO [2022-02-23 13:11:27] 
INFO [2022-02-23 13:11:27] $print.mode
INFO [2022-02-23 13:11:27] [1] "raw"
INFO [2022-02-23 13:11:27] 
INFO [2022-02-23 13:11:27] $filename
INFO [2022-02-23 13:11:27] [1] "output/comparison/overlaps.png"
INFO [2022-02-23 13:11:27] 
