INFO [2022-01-27 10:20:55] $x
INFO [2022-01-27 10:20:55] list(Ubiquitous = na.omit(rownames(pam_clust_df)), ISC = na.omit(rownames(isc_pam_clust)))
INFO [2022-01-27 10:20:55] 
INFO [2022-01-27 10:20:55] $fill
INFO [2022-01-27 10:20:55] c("#ffc93c", "#f8a488")
INFO [2022-01-27 10:20:55] 
INFO [2022-01-27 10:20:55] $margin
INFO [2022-01-27 10:20:55] [1] 0.08
INFO [2022-01-27 10:20:55] 
INFO [2022-01-27 10:20:55] $cat.pos
INFO [2022-01-27 10:20:55] c(90, 270)
INFO [2022-01-27 10:20:55] 
INFO [2022-01-27 10:20:55] $cat.dist
INFO [2022-01-27 10:20:55] c(0.03, 0.05)
INFO [2022-01-27 10:20:55] 
INFO [2022-01-27 10:20:55] $alpha
INFO [2022-01-27 10:20:55] c(0.7, 0.7)
INFO [2022-01-27 10:20:55] 
INFO [2022-01-27 10:20:55] $imagetype
INFO [2022-01-27 10:20:55] [1] "png"
INFO [2022-01-27 10:20:55] 
INFO [2022-01-27 10:20:55] $print.mode
INFO [2022-01-27 10:20:55] [1] "raw"
INFO [2022-01-27 10:20:55] 
INFO [2022-01-27 10:20:55] $filename
INFO [2022-01-27 10:20:55] [1] "output/comparison/overlaps.png"
INFO [2022-01-27 10:20:55] 
