INFO [2022-01-27 12:23:59] $x
INFO [2022-01-27 12:23:59] list(Ubiquitous = na.omit(rownames(ubi_pam_clust_df)), ISC = na.omit(rownames(isc_pam_clust_df)))
INFO [2022-01-27 12:23:59] 
INFO [2022-01-27 12:23:59] $fill
INFO [2022-01-27 12:23:59] c("#ffc93c", "#f8a488")
INFO [2022-01-27 12:23:59] 
INFO [2022-01-27 12:23:59] $margin
INFO [2022-01-27 12:23:59] [1] 0.08
INFO [2022-01-27 12:23:59] 
INFO [2022-01-27 12:23:59] $cat.pos
INFO [2022-01-27 12:23:59] c(180, 180)
INFO [2022-01-27 12:23:59] 
INFO [2022-01-27 12:23:59] $cat.dist
INFO [2022-01-27 12:23:59] c(0.03, 0.05)
INFO [2022-01-27 12:23:59] 
INFO [2022-01-27 12:23:59] $alpha
INFO [2022-01-27 12:23:59] c(0.7, 0.7)
INFO [2022-01-27 12:23:59] 
INFO [2022-01-27 12:23:59] $imagetype
INFO [2022-01-27 12:23:59] [1] "png"
INFO [2022-01-27 12:23:59] 
INFO [2022-01-27 12:23:59] $print.mode
INFO [2022-01-27 12:23:59] [1] "raw"
INFO [2022-01-27 12:23:59] 
INFO [2022-01-27 12:23:59] $filename
INFO [2022-01-27 12:23:59] [1] "output/comparison/overlaps.png"
INFO [2022-01-27 12:23:59] 
