INFO [2022-01-20 16:08:41] $x
INFO [2022-01-20 16:08:41] list(Ubiquitous = na.omit(rownames(pam_clust_df)), iPSC = na.omit(rownames(ipsc_pam_clust)))
INFO [2022-01-20 16:08:41] 
INFO [2022-01-20 16:08:41] $fill
INFO [2022-01-20 16:08:41] c("#ffc93c", "#f8a488")
INFO [2022-01-20 16:08:41] 
INFO [2022-01-20 16:08:41] $margin
INFO [2022-01-20 16:08:41] [1] 0.08
INFO [2022-01-20 16:08:41] 
INFO [2022-01-20 16:08:41] $cat.pos
INFO [2022-01-20 16:08:41] c(90, 270)
INFO [2022-01-20 16:08:41] 
INFO [2022-01-20 16:08:41] $cat.dist
INFO [2022-01-20 16:08:41] c(0.03, 0.05)
INFO [2022-01-20 16:08:41] 
INFO [2022-01-20 16:08:41] $alpha
INFO [2022-01-20 16:08:41] c(0.7, 0.7)
INFO [2022-01-20 16:08:41] 
INFO [2022-01-20 16:08:41] $imagetype
INFO [2022-01-20 16:08:41] [1] "png"
INFO [2022-01-20 16:08:41] 
INFO [2022-01-20 16:08:41] $print.mode
INFO [2022-01-20 16:08:41] [1] "raw"
INFO [2022-01-20 16:08:41] 
INFO [2022-01-20 16:08:41] $filename
INFO [2022-01-20 16:08:41] [1] "output/comparison/overlaps.png"
INFO [2022-01-20 16:08:41] 
