INFO [2022-01-27 11:44:00] $x
INFO [2022-01-27 11:44:00] list(Ubiquitous = na.omit(rownames(pam_clust_df)), ISC = na.omit(rownames(isc_pam_clust_df)))
INFO [2022-01-27 11:44:00] 
INFO [2022-01-27 11:44:00] $fill
INFO [2022-01-27 11:44:00] c("#ffc93c", "#f8a488")
INFO [2022-01-27 11:44:00] 
INFO [2022-01-27 11:44:00] $margin
INFO [2022-01-27 11:44:00] [1] 0.08
INFO [2022-01-27 11:44:00] 
INFO [2022-01-27 11:44:00] $cat.pos
INFO [2022-01-27 11:44:00] c(90, 270)
INFO [2022-01-27 11:44:00] 
INFO [2022-01-27 11:44:00] $cat.dist
INFO [2022-01-27 11:44:00] c(0.03, 0.05)
INFO [2022-01-27 11:44:00] 
INFO [2022-01-27 11:44:00] $alpha
INFO [2022-01-27 11:44:00] c(0.7, 0.7)
INFO [2022-01-27 11:44:00] 
INFO [2022-01-27 11:44:00] $imagetype
INFO [2022-01-27 11:44:00] [1] "png"
INFO [2022-01-27 11:44:00] 
INFO [2022-01-27 11:44:00] $print.mode
INFO [2022-01-27 11:44:00] [1] "raw"
INFO [2022-01-27 11:44:00] 
INFO [2022-01-27 11:44:00] $filename
INFO [2022-01-27 11:44:00] [1] "output/comparison/overlaps.png"
INFO [2022-01-27 11:44:00] 
