INFO [2022-01-20 15:12:46] $x
INFO [2022-01-20 15:12:46] list(Ubiquitous = na.omit(rownames(pam_clust_df)), iPSC = na.omit(rownames(ipsc_pam_clust)))
INFO [2022-01-20 15:12:46] 
INFO [2022-01-20 15:12:46] $fill
INFO [2022-01-20 15:12:46] c("#ffc93c", "#f8a488")
INFO [2022-01-20 15:12:46] 
INFO [2022-01-20 15:12:46] $margin
INFO [2022-01-20 15:12:46] [1] 0.08
INFO [2022-01-20 15:12:46] 
INFO [2022-01-20 15:12:46] $cat.pos
INFO [2022-01-20 15:12:46] c(90, 270)
INFO [2022-01-20 15:12:46] 
INFO [2022-01-20 15:12:46] $alpha
INFO [2022-01-20 15:12:46] c(0.7, 0.7)
INFO [2022-01-20 15:12:46] 
INFO [2022-01-20 15:12:46] $imagetype
INFO [2022-01-20 15:12:46] [1] "png"
INFO [2022-01-20 15:12:46] 
INFO [2022-01-20 15:12:46] $print.mode
INFO [2022-01-20 15:12:46] [1] "percent"
INFO [2022-01-20 15:12:46] 
INFO [2022-01-20 15:12:46] $filename
INFO [2022-01-20 15:12:46] [1] "output/comparison/overlaps.png"
INFO [2022-01-20 15:12:46] 
