INFO [2022-01-20 15:13:52] $x
INFO [2022-01-20 15:13:52] list(Ubiquitous = na.omit(rownames(pam_clust_df)), iPSC = na.omit(rownames(ipsc_pam_clust)))
INFO [2022-01-20 15:13:52] 
INFO [2022-01-20 15:13:52] $fill
INFO [2022-01-20 15:13:52] c("#ffc93c", "#f8a488")
INFO [2022-01-20 15:13:52] 
INFO [2022-01-20 15:13:52] $margin
INFO [2022-01-20 15:13:52] [1] 0.08
INFO [2022-01-20 15:13:52] 
INFO [2022-01-20 15:13:52] $cat.pos
INFO [2022-01-20 15:13:52] c(90, 270)
INFO [2022-01-20 15:13:52] 
INFO [2022-01-20 15:13:52] $cat.dist
INFO [2022-01-20 15:13:52] c(0.05, 0.08)
INFO [2022-01-20 15:13:52] 
INFO [2022-01-20 15:13:52] $alpha
INFO [2022-01-20 15:13:52] c(0.7, 0.7)
INFO [2022-01-20 15:13:52] 
INFO [2022-01-20 15:13:52] $imagetype
INFO [2022-01-20 15:13:52] [1] "png"
INFO [2022-01-20 15:13:52] 
INFO [2022-01-20 15:13:52] $print.mode
INFO [2022-01-20 15:13:52] [1] "percent"
INFO [2022-01-20 15:13:52] 
INFO [2022-01-20 15:13:52] $filename
INFO [2022-01-20 15:13:52] [1] "output/comparison/overlaps.png"
INFO [2022-01-20 15:13:52] 
