INFO [2022-01-27 12:52:15] $x
INFO [2022-01-27 12:52:15] list(Ubiquitous = na.omit(rownames(ubi_pam_clust_df)), ISC = na.omit(rownames(isc_pam_clust_df)))
INFO [2022-01-27 12:52:15] 
INFO [2022-01-27 12:52:15] $fill
INFO [2022-01-27 12:52:15] c("#ffc93c", "#f8a488")
INFO [2022-01-27 12:52:15] 
INFO [2022-01-27 12:52:15] $margin
INFO [2022-01-27 12:52:15] [1] 0.08
INFO [2022-01-27 12:52:15] 
INFO [2022-01-27 12:52:15] $cat.pos
INFO [2022-01-27 12:52:15] c(180, 180)
INFO [2022-01-27 12:52:15] 
INFO [2022-01-27 12:52:15] $cat.dist
INFO [2022-01-27 12:52:15] c(0.03, 0.05)
INFO [2022-01-27 12:52:15] 
INFO [2022-01-27 12:52:15] $alpha
INFO [2022-01-27 12:52:15] c(0.7, 0.7)
INFO [2022-01-27 12:52:15] 
INFO [2022-01-27 12:52:15] $imagetype
INFO [2022-01-27 12:52:15] [1] "png"
INFO [2022-01-27 12:52:15] 
INFO [2022-01-27 12:52:15] $print.mode
INFO [2022-01-27 12:52:15] [1] "raw"
INFO [2022-01-27 12:52:15] 
INFO [2022-01-27 12:52:15] $filename
INFO [2022-01-27 12:52:15] [1] "output/comparison/overlaps.png"
INFO [2022-01-27 12:52:15] 
