INFO [2022-01-26 12:03:49] $x
INFO [2022-01-26 12:03:49] list(Ubiquitous = na.omit(rownames(pam_clust_df)), iPSC = na.omit(rownames(ipsc_pam_clust)))
INFO [2022-01-26 12:03:49] 
INFO [2022-01-26 12:03:49] $fill
INFO [2022-01-26 12:03:49] c("#ffc93c", "#f8a488")
INFO [2022-01-26 12:03:49] 
INFO [2022-01-26 12:03:49] $margin
INFO [2022-01-26 12:03:49] [1] 0.08
INFO [2022-01-26 12:03:49] 
INFO [2022-01-26 12:03:49] $cat.pos
INFO [2022-01-26 12:03:49] c(90, 270)
INFO [2022-01-26 12:03:49] 
INFO [2022-01-26 12:03:49] $cat.dist
INFO [2022-01-26 12:03:49] c(0.03, 0.05)
INFO [2022-01-26 12:03:49] 
INFO [2022-01-26 12:03:49] $alpha
INFO [2022-01-26 12:03:49] c(0.7, 0.7)
INFO [2022-01-26 12:03:49] 
INFO [2022-01-26 12:03:49] $imagetype
INFO [2022-01-26 12:03:49] [1] "png"
INFO [2022-01-26 12:03:49] 
INFO [2022-01-26 12:03:49] $print.mode
INFO [2022-01-26 12:03:49] [1] "raw"
INFO [2022-01-26 12:03:49] 
INFO [2022-01-26 12:03:49] $filename
INFO [2022-01-26 12:03:49] [1] "output/comparison/overlaps.png"
INFO [2022-01-26 12:03:49] 
