INFO [2022-01-20 15:01:32] $x
INFO [2022-01-20 15:01:32] list(Ubiquitous = na.omit(rownames(pam_clust)), iPSC = na.omit(rownames(ipsc_pam_clust)))
INFO [2022-01-20 15:01:32] 
INFO [2022-01-20 15:01:32] $fill
INFO [2022-01-20 15:01:32] c("#ffc93c", "#f8a488")
INFO [2022-01-20 15:01:32] 
INFO [2022-01-20 15:01:32] $margin
INFO [2022-01-20 15:01:32] [1] 0.08
INFO [2022-01-20 15:01:32] 
INFO [2022-01-20 15:01:32] $alpha
INFO [2022-01-20 15:01:32] c(0.7, 0.7)
INFO [2022-01-20 15:01:32] 
INFO [2022-01-20 15:01:32] $imagetype
INFO [2022-01-20 15:01:32] [1] "png"
INFO [2022-01-20 15:01:32] 
INFO [2022-01-20 15:01:32] $print.mode
INFO [2022-01-20 15:01:32] [1] "percent"
INFO [2022-01-20 15:01:32] 
INFO [2022-01-20 15:01:32] $filename
INFO [2022-01-20 15:01:32] [1] "output/comparison/overlaps.png"
INFO [2022-01-20 15:01:32] 
