INFO [2022-01-20 15:14:22] $x
INFO [2022-01-20 15:14:22] list(Ubiquitous = na.omit(rownames(pam_clust_df)), iPSC = na.omit(rownames(ipsc_pam_clust)))
INFO [2022-01-20 15:14:22] 
INFO [2022-01-20 15:14:22] $fill
INFO [2022-01-20 15:14:22] c("#ffc93c", "#f8a488")
INFO [2022-01-20 15:14:22] 
INFO [2022-01-20 15:14:22] $margin
INFO [2022-01-20 15:14:22] [1] 0.08
INFO [2022-01-20 15:14:22] 
INFO [2022-01-20 15:14:22] $cat.pos
INFO [2022-01-20 15:14:22] c(90, 270)
INFO [2022-01-20 15:14:22] 
INFO [2022-01-20 15:14:22] $cat.dist
INFO [2022-01-20 15:14:22] c(0.02, 0.02)
INFO [2022-01-20 15:14:22] 
INFO [2022-01-20 15:14:22] $alpha
INFO [2022-01-20 15:14:22] c(0.7, 0.7)
INFO [2022-01-20 15:14:22] 
INFO [2022-01-20 15:14:22] $imagetype
INFO [2022-01-20 15:14:22] [1] "png"
INFO [2022-01-20 15:14:22] 
INFO [2022-01-20 15:14:22] $print.mode
INFO [2022-01-20 15:14:22] [1] "percent"
INFO [2022-01-20 15:14:22] 
INFO [2022-01-20 15:14:22] $filename
INFO [2022-01-20 15:14:22] [1] "output/comparison/overlaps.png"
INFO [2022-01-20 15:14:22] 
